>>>>>>> ROLLBACK <<<<<<<<<<

Table dropped.


Sequence dropped.


Package body dropped.


Package dropped.


Package body dropped.


Package dropped.

>>>>>>> PRODUCT <<<<<<<<<<

Table created.


Table altered.


Sequence created.


Comment created.


Comment created.


Comment created.


Comment created.


Comment created.

>>>>>>> PRODUCT_PACK_SPEC <<<<<<<<<<

Package created.

>>>>>>> PRODUCT_PACK_BODY <<<<<<<<<<

Package created.


Package body created.

>>>>>>> TEST_PRODUCT_PACK_SPEC <<<<<<<<<<

Package created.

>>>>>>> TEST_PRODUCT_PACK_BODY <<<<<<<<<<

Package body created.

>>>>>>> TRIGGERS <<<<<<<<<<

Trigger created.

>>>>>>> TESTS <<<<<<<<<<

COLUMN_VALUE                                                                    
--------------------------------------------------------------------------------
product                                                                         
  Test product_pack                                                             
    ???????????????? ???????????????? ?? ?????????????????? ????????????????????
?? API [.038 sec]                                                               
                                                                                
    ???????????????? ???????????????? [.009 sec]                                
    ???????????????? ?????????????????????????????? ???????????????? ???? ??????
?????????? ?? ???????????? [.005 sec]                                           
                                                                                
    ?????????????????? ???????????????? ???? ?????????? API ???????????? ???????
??????????????? ?? ?????????????? [.005 sec]                                    

COLUMN_VALUE                                                                    
--------------------------------------------------------------------------------
                                                                                
                                                                                
Finished in .060978 seconds                                                     
4 tests, 0 failed, 0 errored, 0 disabled, 0 warning(s)                          
                                                                                

10 rows selected.


no rows selected

SQL> exit
